# Log generated: 2026-01-12 04:38:31
# Command: python create_slab_from_cif.py \
#   --cif-input 1.1.2CSO-0.583H2O/conventional_cell.cif \
#   --miller 0 2 0 \
#   --layers 1 \
#   --vacuum 15.0 \
#   --supercell 2 2 \
#   --z-offset 1.0 \
#   --format extxyz \
#   --ortho-tolerance 0.001 \
#   --require-ortho

============================================================
CaSO4 SLAB MODEL GENERATOR
============================================================
  Warning: CIF parsing error detected: Unexpected CIF file entry: "S O4 . 0.5(H2 O). and Ca S O4 . 0.6(H2 O) by powder"
  Attempting automatic CIF cleaning...
  Retrying with cleaned CIF: 1.1.2CSO-0.583H2O\conventional_cell_ase.cif
  Success! CIF loaded after cleaning.

------------------------------------------------------------
ORTHOGONALITY CHECK
------------------------------------------------------------
Cell angles: alpha=90.0000, beta=90.0000, gamma=90.0000
Tolerance: 0.001 degrees
Status: ORTHOGONAL - Cell satisfies orthogonality criteria
Action: Direct output (no orthogonalization needed)
------------------------------------------------------------

------------------------------------------------------------
Z-OFFSET ADJUSTMENT
------------------------------------------------------------
Before: z range = [7.5000, 14.4015] Angstrom
After:  z range = [1.0000, 7.9015] Angstrom
Shift applied: -6.5000 Angstrom
------------------------------------------------------------

============================================================
SLAB MODEL INFORMATION
============================================================

Atom Counts:
  Ca :    48
  H  :    64
  O  :   224
  S  :    48

  Total:   384 atoms

Cell Parameters:
  a = 25.5010 Angstrom
  b = 23.9690 Angstrom
  c = 21.9015 Angstrom
  alpha = 90.00 degrees
  beta  = 90.00 degrees
  gamma = 90.00 degrees

Cell Volume: 13386.92 Angstrom^3

Position Ranges:
  x: [0.0000, 25.3735]
  y: [0.0000, 23.9570]
  z: [1.0000, 7.9015]
============================================================

Output saved: 1.1.2CSO-0.583H2O\conventional_cell_slab_020_L1_2x2.xyz
  Total atoms: 384
  Chemical formula: H64Ca48O224S48
  Lattice parameters: 25.5010 23.9690 21.9015 90.00 90.00 90.00

Slab model creation completed successfully!
The output file can be used for AIMD and MLIP calculations.

Log saved to: 1.1.2CSO-0.583H2O\conventional_cell_slab_020_L1_2x2.log
